<?xml version="1.0" encoding="UTF-8"?>
<!-- Generated by org.testng.reporters.JUnitReportReporter -->
<testsuite hostname="T074" failures="0" tests="5" name="TestNG_Test" time="0.016" errors="0" timestamp="2023-04-26T15:38:45 CST" skipped="0">
  <testcase classname="TestNG_Test" name="test_002" time="0.001"/>
  <system-out/>
  <testcase classname="TestNG_Test" name="test_002" time="0.005"/>
  <system-out/>
  <testcase classname="TestNG_Test" name="test6" time="0.005"/>
  <system-out/>
  <testcase classname="TestNG_Test" name="test_0023" time="0.005"/>
  <system-out/>
  <testcase classname="TestNG_Test" name="test_002" time="0.000"/>
  <system-out/>
</testsuite> <!-- TestNG_Test -->
